<?xml version="1.0" encoding="UTF-8"?>
<!-- Generated by org.testng.reporters.JUnitReportReporter -->
<testsuite skipped="0" hostname="ojt23-PC" name="DriverFactory.DataDriven" tests="1" failures="0" timestamp="31 Dec 2019 11:37:01 GMT" time="128.441" errors="0">
  <testcase name="supplierCreation" time="128.441" classname="DriverFactory.DataDriven"/>
</testsuite> <!-- DriverFactory.DataDriven -->
