<?xml version="1.0" encoding="UTF-8"?>
<!-- Generated by org.testng.reporters.JUnitReportReporter -->
<testsuite skipped="0" hostname="ojt23-PC" name="DriverFactory.AppTest" tests="1" failures="0" timestamp="09 Jan 2020 12:04:00 GMT" time="43.845" errors="0">
  <testcase name="startTest" time="43.845" classname="DriverFactory.AppTest"/>
</testsuite> <!-- DriverFactory.AppTest -->
